<?xml version="1.0" encoding="utf-8"?><testsuites name="pytest tests"><testsuite name="pytest" errors="0" failures="0" skipped="0" tests="14" time="4.927" timestamp="2026-07-30T00:30:39.158406+08:00" hostname="occ-node"><testcase classname="tests.isolation.test_iso_matrix" name="test_iso01_cross_attempt_file_access_refused" time="0.107" /><testcase classname="tests.isolation.test_iso_matrix" name="test_iso02_pid_namespace_is_private" time="2.234" /><testcase classname="tests.isolation.test_iso_matrix" name="test_iso03_broker_socket_not_reachable_cross_attempt" time="0.139" /><testcase classname="tests.isolation.test_iso_matrix" name="test_iso04_daemon_proc_and_tokens_invisible" time="0.098" /><testcase classname="tests.isolation.test_iso_matrix" name="test_iso05_no_control_surfaces" time="0.099" /><testcase classname="tests.isolation.test_iso_matrix" name="test_iso06_host_sensitive_paths_invisible" time="0.111" /><testcase classname="tests.isolation.test_iso_matrix" name="test_iso07_slot_reuse_is_clean" time="0.199" /><testcase classname="tests.isolation.test_iso_matrix" name="test_iso08_restart_with_reclaimed_lease_reports_daemon_restart" time="0.045" /><testcase classname="tests.isolation.test_iso_matrix" name="test_iso09_malicious_repo_files_never_load" time="0.415" /><testcase classname="tests.isolation.test_iso_matrix" name="test_iso10_direct_side_effects_all_fail" time="0.118" /><testcase classname="tests.isolation.test_iso_matrix" name="test_iso11_no_direct_route_raw_socket_or_mapped" time="0.119" /><testcase classname="tests.isolation.test_iso_matrix" name="test_iso12_rebinding_cname_and_redirect_metadata_refused" time="0.016" /><testcase classname="tests.isolation.test_iso_matrix" name="test_iso13_secret_redacted_across_channels" time="0.109" /><testcase classname="tests.isolation.test_iso_matrix" name="test_iso14_fork_bomb_kills_only_attacker" time="1.092" /></testsuite></testsuites>